<?xml version="1.0" encoding="UTF-8"?>
<!-- Generated by org.testng.reporters.JUnitReportReporter -->
<testsuite hostname="DESKTOP-S4VN5JE" failures="0" tests="1" name="testCases.TC_02_Login" time="6.998" errors="0" timestamp="2024-04-02T12:58:16 IST" skipped="0">
  <testcase classname="testCases.TC_02_Login" name="testLogin" time="6.998"/>
</testsuite> <!-- testCases.TC_02_Login -->
