<?xml version="1.0" encoding="UTF-8"?>
<!-- Generated by org.testng.reporters.JUnitReportReporter -->
<testsuite hostname="DESKTOP-S4VN5JE" failures="0" tests="1" name="testCases.AccountRegistrationTest" time="25.722" errors="0" timestamp="2024-04-02T15:19:08 IST" skipped="0">
  <testcase classname="testCases.AccountRegistrationTest" name="Test_Account_Registration" time="25.722"/>
</testsuite> <!-- testCases.AccountRegistrationTest -->
